<?xml version="1.0" encoding="UTF-8"?>
<!-- Generated by org.testng.reporters.JUnitXMLReporter -->
<testsuite ignored="0" hostname="Comp" failures="0" tests="4" name="Test" time="36.56" errors="0" timestamp="2023-03-16T09:23:37 IST">
  <testcase classname="com.saucedemo.TestPack.TC0001_VerifyloginFunctionality" name="verifylogin" time="0.188"/>
  <testcase classname="com.saucedemo.TestPack.TC0002_VreifyBagProductAddtoCartFunctionality" name="verifyBagProAddtoCart" time="0.588"/>
  <testcase classname="com.saucedemo.TestPack.TC004_VerifyLogoutFunctionality" name="verifyLogout" time="0.156"/>
  <testcase classname="com.saucedemo.TestPack.TC003_VerifyAllProAddtoCartFunctionality" name="verifyAllProAddtoCart" time="0.509"/>
</testsuite> <!-- Test -->
