<?xml version="1.0" encoding="UTF-8"?>
<testng-results ignored="0" total="4" passed="4" failed="0" skipped="0">
  <reporter-output>
  </reporter-output>
  <suite started-at="2023-03-16T09:23:01 IST" name="Suite" finished-at="2023-03-16T09:23:37 IST" duration-ms="36560">
    <groups>
    </groups>
    <test started-at="2023-03-16T09:23:01 IST" name="Test" finished-at="2023-03-16T09:23:37 IST" duration-ms="36560">
      <class name="com.saucedemo.TestPack.TC004_VerifyLogoutFunctionality">
        <test-method is-config="true" signature="browserlaunch(java.lang.String)[pri:0, instance:com.saucedemo.TestPack.TC004_VerifyLogoutFunctionality@5d0a1059]" started-at="2023-03-16T09:23:21 IST" name="browserlaunch" finished-at="2023-03-16T09:23:28 IST" duration-ms="6697" status="PASS">
          <params>
            <param index="0">
              <value>
                <![CDATA[chrome]]>
              </value>
            </param>
          </params>
          <reporter-output>
          </reporter-output>
        </test-method> <!-- browserlaunch -->
        <test-method signature="verifyLogout()[pri:0, instance:com.saucedemo.TestPack.TC004_VerifyLogoutFunctionality@5d0a1059]" started-at="2023-03-16T09:23:28 IST" name="verifyLogout" finished-at="2023-03-16T09:23:28 IST" duration-ms="156" status="PASS">
          <reporter-output>
          </reporter-output>
        </test-method> <!-- verifyLogout -->
        <test-method is-config="true" signature="logout()[pri:0, instance:com.saucedemo.TestPack.TC004_VerifyLogoutFunctionality@5d0a1059]" started-at="2023-03-16T09:23:28 IST" name="logout" finished-at="2023-03-16T09:23:29 IST" duration-ms="995" status="PASS">
          <reporter-output>
          </reporter-output>
        </test-method> <!-- logout -->
      </class> <!-- com.saucedemo.TestPack.TC004_VerifyLogoutFunctionality -->
      <class name="com.saucedemo.TestPack.TC0002_VreifyBagProductAddtoCartFunctionality">
        <test-method is-config="true" signature="browserlaunch(java.lang.String)[pri:0, instance:com.saucedemo.TestPack.TC0002_VreifyBagProductAddtoCartFunctionality@c88a337]" started-at="2023-03-16T09:23:11 IST" name="browserlaunch" finished-at="2023-03-16T09:23:20 IST" duration-ms="9015" status="PASS">
          <params>
            <param index="0">
              <value>
                <![CDATA[chrome]]>
              </value>
            </param>
          </params>
          <reporter-output>
          </reporter-output>
        </test-method> <!-- browserlaunch -->
        <test-method signature="verifyBagProAddtoCart()[pri:0, instance:com.saucedemo.TestPack.TC0002_VreifyBagProductAddtoCartFunctionality@c88a337]" started-at="2023-03-16T09:23:20 IST" name="verifyBagProAddtoCart" finished-at="2023-03-16T09:23:20 IST" duration-ms="588" status="PASS">
          <reporter-output>
          </reporter-output>
        </test-method> <!-- verifyBagProAddtoCart -->
        <test-method is-config="true" signature="logout()[pri:0, instance:com.saucedemo.TestPack.TC0002_VreifyBagProductAddtoCartFunctionality@c88a337]" started-at="2023-03-16T09:23:20 IST" name="logout" finished-at="2023-03-16T09:23:21 IST" duration-ms="1041" status="PASS">
          <reporter-output>
          </reporter-output>
        </test-method> <!-- logout -->
      </class> <!-- com.saucedemo.TestPack.TC0002_VreifyBagProductAddtoCartFunctionality -->
      <class name="com.saucedemo.TestPack.TC003_VerifyAllProAddtoCartFunctionality">
        <test-method is-config="true" signature="browserlaunch(java.lang.String)[pri:0, instance:com.saucedemo.TestPack.TC003_VerifyAllProAddtoCartFunctionality@485966cc]" started-at="2023-03-16T09:23:29 IST" name="browserlaunch" finished-at="2023-03-16T09:23:36 IST" duration-ms="6503" status="PASS">
          <params>
            <param index="0">
              <value>
                <![CDATA[chrome]]>
              </value>
            </param>
          </params>
          <reporter-output>
          </reporter-output>
        </test-method> <!-- browserlaunch -->
        <test-method signature="verifyAllProAddtoCart()[pri:0, instance:com.saucedemo.TestPack.TC003_VerifyAllProAddtoCartFunctionality@485966cc]" started-at="2023-03-16T09:23:36 IST" name="verifyAllProAddtoCart" finished-at="2023-03-16T09:23:36 IST" duration-ms="509" status="PASS">
          <reporter-output>
          </reporter-output>
        </test-method> <!-- verifyAllProAddtoCart -->
        <test-method is-config="true" signature="logout()[pri:0, instance:com.saucedemo.TestPack.TC003_VerifyAllProAddtoCartFunctionality@485966cc]" started-at="2023-03-16T09:23:36 IST" name="logout" finished-at="2023-03-16T09:23:37 IST" duration-ms="754" status="PASS">
          <reporter-output>
          </reporter-output>
        </test-method> <!-- logout -->
      </class> <!-- com.saucedemo.TestPack.TC003_VerifyAllProAddtoCartFunctionality -->
      <class name="com.saucedemo.TestPack.TC0001_VerifyloginFunctionality">
        <test-method is-config="true" signature="browserlaunch(java.lang.String)[pri:0, instance:com.saucedemo.TestPack.TC0001_VerifyloginFunctionality@16a0ee18]" started-at="2023-03-16T09:23:01 IST" name="browserlaunch" finished-at="2023-03-16T09:23:10 IST" duration-ms="9168" status="PASS">
          <params>
            <param index="0">
              <value>
                <![CDATA[chrome]]>
              </value>
            </param>
          </params>
          <reporter-output>
          </reporter-output>
        </test-method> <!-- browserlaunch -->
        <test-method signature="verifylogin()[pri:0, instance:com.saucedemo.TestPack.TC0001_VerifyloginFunctionality@16a0ee18]" started-at="2023-03-16T09:23:10 IST" name="verifylogin" finished-at="2023-03-16T09:23:10 IST" duration-ms="188" status="PASS">
          <reporter-output>
          </reporter-output>
        </test-method> <!-- verifylogin -->
        <test-method is-config="true" signature="logout()[pri:0, instance:com.saucedemo.TestPack.TC0001_VerifyloginFunctionality@16a0ee18]" started-at="2023-03-16T09:23:10 IST" name="logout" finished-at="2023-03-16T09:23:11 IST" duration-ms="899" status="PASS">
          <reporter-output>
          </reporter-output>
        </test-method> <!-- logout -->
      </class> <!-- com.saucedemo.TestPack.TC0001_VerifyloginFunctionality -->
    </test> <!-- Test -->
  </suite> <!-- Suite -->
</testng-results>
